<?xml version="1.0" encoding="utf-8"?><testsuites name="pytest tests"><testsuite name="pytest" errors="0" failures="1" skipped="0" tests="7" time="3.731" timestamp="2026-07-05T10:06:27.764860+00:00" hostname="agent-env-aed1a0f8-35e8-4dc0-be60-50c9ab04c1ea"><testcase classname="backend.tests.test_freemium" name="test_plans_list" time="0.325" /><testcase classname="backend.tests.test_freemium" name="test_billing_me_new_user_free" time="0.392" /><testcase classname="backend.tests.test_freemium" name="test_free_user_project_limit" time="0.602" /><testcase classname="backend.tests.test_freemium" name="test_free_user_ai_mentor_blocked" time="0.619" /><testcase classname="backend.tests.test_freemium" name="test_upgrade_pro_flow" time="0.813" /><testcase classname="backend.tests.test_freemium" name="test_upgrade_industry_flow" time="0.392"><failure message="TypeError: can't subtract offset-naive and offset-aware datetimes">backend/tests/test_freemium.py:112: in test_upgrade_industry_flow
    delta_days = (exp - datetime.now(timezone.utc)).days
                  ^^^^^^^^^^^^^^^^^^^^^^^^^^^^^^^^
E   TypeError: can't subtract offset-naive and offset-aware datetimes</failure></testcase><testcase classname="backend.tests.test_freemium" name="test_invalid_plan" time="0.382" /></testsuite></testsuites>